Detected Java version: 1.6 in: D:\jdk1.6.0_07\jre
Detected OS: Windows 2003
parsing buildfile G:\backupconfig\backup-mail.xml with URI = file:/G:/backupconfig/backup-mail.xml
Project base dir set to: G:\
parsing buildfile jar:file:/C:/Program%20Files/Ant/lib/ant.jar!/org/apache/tools/ant/antlib.xml with URI = jar:file:/C:/Program%20Files/Ant/lib/ant.jar!/org/apache/tools/ant/antlib.xml from a zip file
Build sequence for target(s) `mail' is [check, backup-success-content, backup-fail-content, mail]
Complete build sequence is [check, backup-success-content, backup-fail-content, mail, ]

check:
[available] Searching G:\cvsbackup\1FBcvsbackup-06-13-2012 Wed.bkf
[available] Found: G:\cvsbackup\1FBcvsbackup-06-13-2012 Wed.bkf

backup-success-content:

backup-fail-content:
Skipped because property 'file.exist' set.

mail:
     [mail] Using MIME mail
     [mail] Sending email: CVS Back-Up Result Notifier [@192.168.2.200] -- Succeed
     [mail] From jack.wang@bleum.com
     [mail] ReplyTo []
     [mail] To [jack.wang@bleum.com, edison.ma@bleum.com, sunny.hu@bleum.com]
     [mail] Cc [bryan.wang@bleum.com, maggie.zhou@bleum.com, benny.liu@bleum.com]
     [mail] Bcc []
     [mail] Sent email with 1 attachment

BUILD SUCCESSFUL
Total time: 31 seconds
